C51 COMPILER V9.60.0.0   MAIN                                                              03/02/2022 19:07:03 PAGE 1   


C51 COMPILER V9.60.0.0, COMPILATION OF MODULE MAIN
OBJECT MODULE PLACED IN .\Objects\main.obj
COMPILER INVOKED BY: C:\Keil_v5\C51\BIN\C51.EXE main.c OPTIMIZE(8,SPEED) BROWSE DEBUG OBJECTEXTEND PRINT(.\Listings\main
                    -.lst) TABS(2) OBJECT(.\Objects\main.obj)

line level    source

   1          #include <reg51.h>
   2          unsigned char s[]={0x3F,0x06,0x5B,0x4F,0x66,0x6D,0x7D,0x07,0x7F,0x6F}; //共阴,8为数码管0-9段码
   3          unsigned char num=0;
   4          
   5          sbit ex=P3^0;
   6          void initex()  //定时器中断
   7          {
   8   1        IT0=1; //边沿触发
   9   1        EX0=1; //打开外部中断0
  10   1        EA=1;  //开启总中断
  11   1        ex=1;
  12   1      }
  13          void display()
  14          {
  15   1        P2=s[num];
  16   1        if(num==10)
  17   1          {
  18   2            num=0;
  19   2          }
  20   1      }
  21          void main()
  22          {
  23   1        initex();
  24   1        while(1)
  25   1        {
  26   2          display();
  27   2        }
  28   1      }
  29          
  30          void ex_isr() interrupt 0  //外部中断的中断服务函数
  31          {
  32   1        num++;
  33   1      }


MODULE INFORMATION:   STATIC OVERLAYABLE
   CODE SIZE        =     37    ----
   CONSTANT SIZE    =   ----    ----
   XDATA SIZE       =   ----    ----
   PDATA SIZE       =   ----    ----
   DATA SIZE        =     11    ----
   IDATA SIZE       =   ----    ----
   BIT SIZE         =   ----    ----
END OF MODULE INFORMATION.


C51 COMPILATION COMPLETE.  0 WARNING(S),  0 ERROR(S)
